This is pdfTeX, Version 3.14159265-2.6-1.40.19 (MiKTeX 2.9.6930 64-bit) (preloaded format=pdflatex 2019.3.20)  6 MAY 2019 15:36
entering extended mode
**C:/Users/gerg1/Documents/GitHub/TDA-Spin-Models/notes.tex
(C:/Users/gerg1/Documents/GitHub/TDA-Spin-Models/notes.tex
LaTeX2e <2018-12-01>
("C:\Users\gerg1\AppData\Local\Programs\MiKTeX 2.9\tex/latex/base\article.cls"
Document Class: article 2018/09/03 v1.4i Standard LaTeX document class
("C:\Users\gerg1\AppData\Local\Programs\MiKTeX 2.9\tex/latex/base\size11.clo"
File: size11.clo 2018/09/03 v1.4i Standard LaTeX file (size option)
)
\c@part=\count80
\c@section=\count81
\c@subsection=\count82
\c@subsubsection=\count83
\c@paragraph=\count84
\c@subparagraph=\count85
\c@figure=\count86
\c@table=\count87
\abovecaptionskip=\skip41
\belowcaptionskip=\skip42
\bibindent=\dimen102
)
("C:\Users\gerg1\AppData\Local\Programs\MiKTeX 2.9\tex/latex/geometry\geometry.
sty"
Package: geometry 2018/04/16 v5.8 Page Geometry

("C:\Users\gerg1\AppData\Local\Programs\MiKTeX 2.9\tex/latex/graphics\keyval.st
y"
Package: keyval 2014/10/28 v1.15 key=value parser (DPC)
\KV@toks@=\toks14
)
("C:\Users\gerg1\AppData\Local\Programs\MiKTeX 2.9\tex/generic/oberdiek\ifpdf.s
ty"
Package: ifpdf 2018/09/07 v3.3 Provides the ifpdf switch
)
("C:\Users\gerg1\AppData\Local\Programs\MiKTeX 2.9\tex/generic/oberdiek\ifvtex.
sty"
Package: ifvtex 2016/05/16 v1.6 Detect VTeX and its facilities (HO)
Package ifvtex Info: VTeX not detected.
)
("C:\Users\gerg1\AppData\Local\Programs\MiKTeX 2.9\tex/generic/ifxetex\ifxetex.
sty"
Package: ifxetex 2010/09/12 v0.6 Provides ifxetex conditional
)
\Gm@cnth=\count88
\Gm@cntv=\count89
\c@Gm@tempcnt=\count90
\Gm@bindingoffset=\dimen103
\Gm@wd@mp=\dimen104
\Gm@odd@mp=\dimen105
\Gm@even@mp=\dimen106
\Gm@layoutwidth=\dimen107
\Gm@layoutheight=\dimen108
\Gm@layouthoffset=\dimen109
\Gm@layoutvoffset=\dimen110
\Gm@dimlist=\toks15

("C:\Users\gerg1\AppData\Local\Programs\MiKTeX 2.9\tex/latex/geometry\geometry.
cfg"))
("C:\Users\gerg1\AppData\Local\Programs\MiKTeX 2.9\tex/latex/amsmath\amsmath.st
y"
Package: amsmath 2018/12/01 v2.17b AMS math features
\@mathmargin=\skip43

For additional information on amsmath, use the `?' option.

("C:\Users\gerg1\AppData\Local\Programs\MiKTeX 2.9\tex/latex/amsmath\amstext.st
y"
Package: amstext 2000/06/29 v2.01 AMS text

("C:\Users\gerg1\AppData\Local\Programs\MiKTeX 2.9\tex/latex/amsmath\amsgen.sty
"
File: amsgen.sty 1999/11/30 v2.0 generic functions
\@emptytoks=\toks16
\ex@=\dimen111
))
("C:\Users\gerg1\AppData\Local\Programs\MiKTeX 2.9\tex/latex/amsmath\amsbsy.sty
"
Package: amsbsy 1999/11/29 v1.2d Bold Symbols
\pmbraise@=\dimen112
)
("C:\Users\gerg1\AppData\Local\Programs\MiKTeX 2.9\tex/latex/amsmath\amsopn.sty
"
Package: amsopn 2016/03/08 v2.02 operator names
)
\inf@bad=\count91
LaTeX Info: Redefining \frac on input line 223.
\uproot@=\count92
\leftroot@=\count93
LaTeX Info: Redefining \overline on input line 385.
\classnum@=\count94
\DOTSCASE@=\count95
LaTeX Info: Redefining \ldots on input line 482.
LaTeX Info: Redefining \dots on input line 485.
LaTeX Info: Redefining \cdots on input line 606.
\Mathstrutbox@=\box27
\strutbox@=\box28
\big@size=\dimen113
LaTeX Font Info:    Redeclaring font encoding OML on input line 729.
LaTeX Font Info:    Redeclaring font encoding OMS on input line 730.
\macc@depth=\count96
\c@MaxMatrixCols=\count97
\dotsspace@=\muskip10
\c@parentequation=\count98
\dspbrk@lvl=\count99
\tag@help=\toks17
\row@=\count100
\column@=\count101
\maxfields@=\count102
\andhelp@=\toks18
\eqnshift@=\dimen114
\alignsep@=\dimen115
\tagshift@=\dimen116
\tagwidth@=\dimen117
\totwidth@=\dimen118
\lineht@=\dimen119
\@envbody=\toks19
\multlinegap=\skip44
\multlinetaggap=\skip45
\mathdisplay@stack=\toks20
LaTeX Info: Redefining \[ on input line 2844.
LaTeX Info: Redefining \] on input line 2845.
)
("C:\Users\gerg1\AppData\Local\Programs\MiKTeX 2.9\tex/latex/amsfonts\amssymb.s
ty"
Package: amssymb 2013/01/14 v3.01 AMS font symbols

("C:\Users\gerg1\AppData\Local\Programs\MiKTeX 2.9\tex/latex/amsfonts\amsfonts.
sty"
Package: amsfonts 2013/01/14 v3.01 Basic AMSFonts support
\symAMSa=\mathgroup4
\symAMSb=\mathgroup5
LaTeX Font Info:    Overwriting math alphabet `\mathfrak' in version `bold'
(Font)                  U/euf/m/n --> U/euf/b/n on input line 106.
))
("C:\Users\gerg1\AppData\Local\Programs\MiKTeX 2.9\tex/latex/physics\physics.st
y"
Package: physics 

("C:\Users\gerg1\AppData\Local\Programs\MiKTeX 2.9\tex/latex/l3packages/xparse\
xparse.sty"
("C:\Users\gerg1\AppData\Local\Programs\MiKTeX 2.9\tex/latex/l3kernel\expl3.sty
"
Package: expl3 2019-03-05 L3 programming layer (loader) 

("C:\Users\gerg1\AppData\Local\Programs\MiKTeX 2.9\tex/latex/l3kernel\expl3-cod
e.tex"
Package: expl3 2019-03-05 L3 programming layer (code)
\c_max_int=\count103
\l_tmpa_int=\count104
\l_tmpb_int=\count105
\g_tmpa_int=\count106
\g_tmpb_int=\count107
\g__kernel_prg_map_int=\count108
\c_log_iow=\count109
\l_iow_line_count_int=\count110
\l__iow_line_target_int=\count111
\l__iow_one_indent_int=\count112
\l__iow_indent_int=\count113
\c_zero_dim=\dimen120
\c_max_dim=\dimen121
\l_tmpa_dim=\dimen122
\l_tmpb_dim=\dimen123
\g_tmpa_dim=\dimen124
\g_tmpb_dim=\dimen125
\c_zero_skip=\skip46
\c_max_skip=\skip47
\l_tmpa_skip=\skip48
\l_tmpb_skip=\skip49
\g_tmpa_skip=\skip50
\g_tmpb_skip=\skip51
\c_zero_muskip=\muskip11
\c_max_muskip=\muskip12
\l_tmpa_muskip=\muskip13
\l_tmpb_muskip=\muskip14
\g_tmpa_muskip=\muskip15
\g_tmpb_muskip=\muskip16
\l_keys_choice_int=\count114
\l__intarray_loop_int=\count115
\c__intarray_sp_dim=\dimen126
\g__intarray_font_int=\count116
\c__fp_leading_shift_int=\count117
\c__fp_middle_shift_int=\count118
\c__fp_trailing_shift_int=\count119
\c__fp_big_leading_shift_int=\count120
\c__fp_big_middle_shift_int=\count121
\c__fp_big_trailing_shift_int=\count122
\c__fp_Bigg_leading_shift_int=\count123
\c__fp_Bigg_middle_shift_int=\count124
\c__fp_Bigg_trailing_shift_int=\count125
\c__kernel_randint_max_int=\count126
\g__fp_array_int=\count127
\l__fp_array_loop_int=\count128
\l__sort_length_int=\count129
\l__sort_min_int=\count130
\l__sort_top_int=\count131
\l__sort_max_int=\count132
\l__sort_true_max_int=\count133
\l__sort_block_int=\count134
\l__sort_begin_int=\count135
\l__sort_end_int=\count136
\l__sort_A_int=\count137
\l__sort_B_int=\count138
\l__sort_C_int=\count139
\l__tl_analysis_normal_int=\count140
\l__tl_analysis_index_int=\count141
\l__tl_analysis_nesting_int=\count142
\l__tl_analysis_type_int=\count143
\l__regex_internal_a_int=\count144
\l__regex_internal_b_int=\count145
\l__regex_internal_c_int=\count146
\l__regex_balance_int=\count147
\l__regex_group_level_int=\count148
\l__regex_mode_int=\count149
\c__regex_cs_in_class_mode_int=\count150
\c__regex_cs_mode_int=\count151
\l__regex_catcodes_int=\count152
\l__regex_default_catcodes_int=\count153
\c__regex_catcode_D_int=\count154
\c__regex_catcode_S_int=\count155
\c__regex_catcode_L_int=\count156
\c__regex_catcode_O_int=\count157
\c__regex_catcode_A_int=\count158
\c__regex_all_catcodes_int=\count159
\l__regex_show_lines_int=\count160
\l__regex_min_state_int=\count161
\l__regex_max_state_int=\count162
\l__regex_left_state_int=\count163
\l__regex_right_state_int=\count164
\l__regex_capturing_group_int=\count165
\l__regex_min_pos_int=\count166
\l__regex_max_pos_int=\count167
\l__regex_curr_pos_int=\count168
\l__regex_start_pos_int=\count169
\l__regex_success_pos_int=\count170
\l__regex_curr_char_int=\count171
\l__regex_curr_catcode_int=\count172
\l__regex_last_char_int=\count173
\l__regex_case_changed_char_int=\count174
\l__regex_curr_state_int=\count175
\l__regex_step_int=\count176
\l__regex_min_active_int=\count177
\l__regex_max_active_int=\count178
\l__regex_replacement_csnames_int=\count179
\l__regex_match_count_int=\count180
\l__regex_min_submatch_int=\count181
\l__regex_submatch_int=\count182
\l__regex_zeroth_submatch_int=\count183
\g__regex_trace_regex_int=\count184
\c_empty_box=\box29
\l_tmpa_box=\box30
\l_tmpb_box=\box31
\g_tmpa_box=\box32
\g_tmpb_box=\box33
\l__box_top_dim=\dimen127
\l__box_bottom_dim=\dimen128
\l__box_left_dim=\dimen129
\l__box_right_dim=\dimen130
\l__box_top_new_dim=\dimen131
\l__box_bottom_new_dim=\dimen132
\l__box_left_new_dim=\dimen133
\l__box_right_new_dim=\dimen134
\l__box_internal_box=\box34
\l__coffin_internal_box=\box35
\l__coffin_internal_dim=\dimen135
\l__coffin_offset_x_dim=\dimen136
\l__coffin_offset_y_dim=\dimen137
\l__coffin_x_dim=\dimen138
\l__coffin_y_dim=\dimen139
\l__coffin_x_prime_dim=\dimen140
\l__coffin_y_prime_dim=\dimen141
\c_empty_coffin=\box36
\l__coffin_aligned_coffin=\box37
\l__coffin_aligned_internal_coffin=\box38
\l_tmpa_coffin=\box39
\l_tmpb_coffin=\box40
\g_tmpa_coffin=\box41
\g_tmpb_coffin=\box42
\l__coffin_bounding_shift_dim=\dimen142
\l__coffin_left_corner_dim=\dimen143
\l__coffin_right_corner_dim=\dimen144
\l__coffin_bottom_corner_dim=\dimen145
\l__coffin_top_corner_dim=\dimen146
\l__coffin_scaled_total_height_dim=\dimen147
\l__coffin_scaled_width_dim=\dimen148
\c__coffin_empty_coffin=\box43
\l__coffin_display_coffin=\box44
\l__coffin_display_coord_coffin=\box45
\l__coffin_display_pole_coffin=\box46
\l__coffin_display_offset_dim=\dimen149
\l__coffin_display_x_dim=\dimen150
\l__coffin_display_y_dim=\dimen151
\g__file_internal_ior=\read1
\l__seq_internal_a_int=\count185
\l__seq_internal_b_int=\count186
\c__deprecation_minus_one=\count187
)
("C:\Users\gerg1\AppData\Local\Programs\MiKTeX 2.9\tex/latex/l3kernel\l3pdfmode
.def"
File: l3pdfmode.def 2019-03-05 v L3 Experimental driver: PDF mode
\l__driver_color_stack_int=\count188
))
Package: xparse 2019-03-05 L3 Experimental document command parser
\l__xparse_current_arg_int=\count189
\g__xparse_grabber_int=\count190
\l__xparse_m_args_int=\count191
\l__xparse_v_nesting_int=\count192
))
("C:\Users\gerg1\AppData\Local\Programs\MiKTeX 2.9\tex/latex/graphics\graphicx.
sty"
Package: graphicx 2017/06/01 v1.1a Enhanced LaTeX Graphics (DPC,SPQR)

("C:\Users\gerg1\AppData\Local\Programs\MiKTeX 2.9\tex/latex/graphics\graphics.
sty"
Package: graphics 2017/06/25 v1.2c Standard LaTeX Graphics (DPC,SPQR)

("C:\Users\gerg1\AppData\Local\Programs\MiKTeX 2.9\tex/latex/graphics\trig.sty"
Package: trig 2016/01/03 v1.10 sin cos tan (DPC)
)
("C:\Users\gerg1\AppData\Local\Programs\MiKTeX 2.9\tex/latex/graphics-cfg\graph
ics.cfg"
File: graphics.cfg 2016/06/04 v1.11 sample graphics configuration
)
Package graphics Info: Driver file: pdftex.def on input line 99.

("C:\Users\gerg1\AppData\Local\Programs\MiKTeX 2.9\tex/latex/graphics-def\pdfte
x.def"
File: pdftex.def 2018/01/08 v1.0l Graphics/color driver for pdftex
))
\Gin@req@height=\dimen152
\Gin@req@width=\dimen153
)
("C:\Users\gerg1\AppData\Local\Programs\MiKTeX 2.9\tex/latex/hyperref\hyperref.
sty"
Package: hyperref 2018/11/30 v6.88e Hypertext links for LaTeX

("C:\Users\gerg1\AppData\Local\Programs\MiKTeX 2.9\tex/generic/oberdiek\hobsub-
hyperref.sty"
Package: hobsub-hyperref 2016/05/16 v1.14 Bundle oberdiek, subset hyperref (HO)


("C:\Users\gerg1\AppData\Local\Programs\MiKTeX 2.9\tex/generic/oberdiek\hobsub-
generic.sty"
Package: hobsub-generic 2016/05/16 v1.14 Bundle oberdiek, subset generic (HO)
Package: hobsub 2016/05/16 v1.14 Construct package bundles (HO)
Package: infwarerr 2016/05/16 v1.4 Providing info/warning/error messages (HO)
Package: ltxcmds 2016/05/16 v1.23 LaTeX kernel commands for general use (HO)
Package: ifluatex 2016/05/16 v1.4 Provides the ifluatex switch (HO)
Package ifluatex Info: LuaTeX not detected.
Package hobsub Info: Skipping package `ifvtex' (already loaded).
Package: intcalc 2016/05/16 v1.2 Expandable calculations with integers (HO)
Package hobsub Info: Skipping package `ifpdf' (already loaded).
Package: etexcmds 2016/05/16 v1.6 Avoid name clashes with e-TeX commands (HO)
Package: kvsetkeys 2016/05/16 v1.17 Key value parser (HO)
Package: kvdefinekeys 2016/05/16 v1.4 Define keys (HO)
Package: pdftexcmds 2018/09/10 v0.29 Utility functions of pdfTeX for LuaTeX (HO
)
Package pdftexcmds Info: LuaTeX not detected.
Package pdftexcmds Info: \pdf@primitive is available.
Package pdftexcmds Info: \pdf@ifprimitive is available.
Package pdftexcmds Info: \pdfdraftmode found.
Package: pdfescape 2016/05/16 v1.14 Implements pdfTeX's escape features (HO)
Package: bigintcalc 2016/05/16 v1.4 Expandable calculations on big integers (HO
)
Package: bitset 2016/05/16 v1.2 Handle bit-vector datatype (HO)
Package: uniquecounter 2016/05/16 v1.3 Provide unlimited unique counter (HO)
)
Package hobsub Info: Skipping package `hobsub' (already loaded).
Package: letltxmacro 2016/05/16 v1.5 Let assignment for LaTeX macros (HO)
Package: hopatch 2016/05/16 v1.3 Wrapper for package hooks (HO)
Package: xcolor-patch 2016/05/16 xcolor patch
Package: atveryend 2016/05/16 v1.9 Hooks at the very end of document (HO)
Package atveryend Info: \enddocument detected (standard20110627).
Package: atbegshi 2016/06/09 v1.18 At begin shipout hook (HO)
Package: refcount 2016/05/16 v3.5 Data extraction from label references (HO)
Package: hycolor 2016/05/16 v1.8 Color options for hyperref/bookmark (HO)
)
("C:\Users\gerg1\AppData\Local\Programs\MiKTeX 2.9\tex/latex/oberdiek\auxhook.s
ty"
Package: auxhook 2016/05/16 v1.4 Hooks for auxiliary files (HO)
)
("C:\Users\gerg1\AppData\Local\Programs\MiKTeX 2.9\tex/latex/oberdiek\kvoptions
.sty"
Package: kvoptions 2016/05/16 v3.12 Key value format for package options (HO)
)
\@linkdim=\dimen154
\Hy@linkcounter=\count193
\Hy@pagecounter=\count194

("C:\Users\gerg1\AppData\Local\Programs\MiKTeX 2.9\tex/latex/hyperref\pd1enc.de
f"
File: pd1enc.def 2018/11/30 v6.88e Hyperref: PDFDocEncoding definition (HO)
Now handling font encoding PD1 ...
... no UTF-8 mapping file for font encoding PD1
)
\Hy@SavedSpaceFactor=\count195

("C:\Users\gerg1\AppData\Local\Programs\MiKTeX 2.9\tex/latex/00miktex\hyperref.
cfg"
File: hyperref.cfg 2002/06/06 v1.2 hyperref configuration of TeXLive
)
Package hyperref Info: Hyper figures OFF on input line 4519.
Package hyperref Info: Link nesting OFF on input line 4524.
Package hyperref Info: Hyper index ON on input line 4527.
Package hyperref Info: Plain pages OFF on input line 4534.
Package hyperref Info: Backreferencing OFF on input line 4539.
Package hyperref Info: Implicit mode ON; LaTeX internals redefined.
Package hyperref Info: Bookmarks ON on input line 4772.
\c@Hy@tempcnt=\count196
 ("C:\Users\gerg1\AppData\Local\Programs\MiKTeX 2.9\tex/latex/url\url.sty"
\Urlmuskip=\muskip17
Package: url 2013/09/16  ver 3.4  Verb mode for urls, etc.
)
LaTeX Info: Redefining \url on input line 5125.
\XeTeXLinkMargin=\dimen155
\Fld@menulength=\count197
\Field@Width=\dimen156
\Fld@charsize=\dimen157
Package hyperref Info: Hyper figures OFF on input line 6380.
Package hyperref Info: Link nesting OFF on input line 6385.
Package hyperref Info: Hyper index ON on input line 6388.
Package hyperref Info: backreferencing OFF on input line 6395.
Package hyperref Info: Link coloring OFF on input line 6400.
Package hyperref Info: Link coloring with OCG OFF on input line 6405.
Package hyperref Info: PDF/A mode OFF on input line 6410.
LaTeX Info: Redefining \ref on input line 6450.
LaTeX Info: Redefining \pageref on input line 6454.
\Hy@abspage=\count198
\c@Item=\count199
\c@Hfootnote=\count266
)
Package hyperref Info: Driver (autodetected): hpdftex.

("C:\Users\gerg1\AppData\Local\Programs\MiKTeX 2.9\tex/latex/hyperref\hpdftex.d
ef"
File: hpdftex.def 2018/11/30 v6.88e Hyperref driver for pdfTeX
\Fld@listcount=\count267
\c@bookmark@seq@number=\count268

("C:\Users\gerg1\AppData\Local\Programs\MiKTeX 2.9\tex/latex/oberdiek\rerunfile
check.sty"
Package: rerunfilecheck 2016/05/16 v1.8 Rerun checks for auxiliary files (HO)
Package uniquecounter Info: New unique counter `rerunfilecheck' on input line 2
82.
)
\Hy@SectionHShift=\skip52
) (notes.aux)
\openout1 = `notes.aux'.

LaTeX Font Info:    Checking defaults for OML/cmm/m/it on input line 15.
LaTeX Font Info:    ... okay on input line 15.
LaTeX Font Info:    Checking defaults for T1/cmr/m/n on input line 15.
LaTeX Font Info:    ... okay on input line 15.
LaTeX Font Info:    Checking defaults for OT1/cmr/m/n on input line 15.
LaTeX Font Info:    ... okay on input line 15.
LaTeX Font Info:    Checking defaults for OMS/cmsy/m/n on input line 15.
LaTeX Font Info:    ... okay on input line 15.
LaTeX Font Info:    Checking defaults for OMX/cmex/m/n on input line 15.
LaTeX Font Info:    ... okay on input line 15.
LaTeX Font Info:    Checking defaults for U/cmr/m/n on input line 15.
LaTeX Font Info:    ... okay on input line 15.
LaTeX Font Info:    Checking defaults for PD1/pdf/m/n on input line 15.
LaTeX Font Info:    ... okay on input line 15.

*geometry* driver: auto-detecting
*geometry* detected driver: pdftex
*geometry* verbose mode - [ preamble ] result:
* driver: pdftex
* paper: <default>
* layout: <same size as paper>
* layoutoffset:(h,v)=(0.0pt,0.0pt)
* modes: 
* h-part:(L,W,R)=(72.26999pt, 469.75502pt, 72.26999pt)
* v-part:(T,H,B)=(72.26999pt, 650.43001pt, 72.26999pt)
* \paperwidth=614.295pt
* \paperheight=794.96999pt
* \textwidth=469.75502pt
* \textheight=650.43001pt
* \oddsidemargin=0.0pt
* \evensidemargin=0.0pt
* \topmargin=-37.0pt
* \headheight=12.0pt
* \headsep=25.0pt
* \topskip=11.0pt
* \footskip=30.0pt
* \marginparwidth=59.0pt
* \marginparsep=10.0pt
* \columnsep=10.0pt
* \skip\footins=10.0pt plus 4.0pt minus 2.0pt
* \hoffset=0.0pt
* \voffset=0.0pt
* \mag=1000
* \@twocolumnfalse
* \@twosidefalse
* \@mparswitchfalse
* \@reversemarginfalse
* (1in=72.27pt=25.4mm, 1cm=28.453pt)


("C:\Users\gerg1\AppData\Local\Programs\MiKTeX 2.9\tex/context/base/mkii\supp-p
df.mkii"
[Loading MPS to PDF converter (version 2006.09.02).]
\scratchcounter=\count269
\scratchdimen=\dimen158
\scratchbox=\box47
\nofMPsegments=\count270
\nofMParguments=\count271
\everyMPshowfont=\toks21
\MPscratchCnt=\count272
\MPscratchDim=\dimen159
\MPnumerator=\count273
\makeMPintoPDFobject=\count274
\everyMPtoPDFconversion=\toks22
)
("C:\Users\gerg1\AppData\Local\Programs\MiKTeX 2.9\tex/latex/oberdiek\epstopdf-
base.sty"
Package: epstopdf-base 2016/05/15 v2.6 Base part for package epstopdf

("C:\Users\gerg1\AppData\Local\Programs\MiKTeX 2.9\tex/latex/oberdiek\grfext.st
y"
Package: grfext 2016/05/16 v1.2 Manage graphics extensions (HO)
)
Package epstopdf-base Info: Redefining graphics rule for `.eps' on input line 4
38.
Package grfext Info: Graphics extension search list:
(grfext)             [.pdf,.png,.jpg,.mps,.jpeg,.jbig2,.jb2,.PDF,.PNG,.JPG,.JPE
G,.JBIG2,.JB2,.eps]
(grfext)             \AppendGraphicsExtensions on input line 456.
)
\AtBeginShipoutBox=\box48
Package hyperref Info: Link coloring OFF on input line 15.

("C:\Users\gerg1\AppData\Local\Programs\MiKTeX 2.9\tex/latex/hyperref\nameref.s
ty"
Package: nameref 2016/05/21 v2.44 Cross-referencing by name of section

("C:\Users\gerg1\AppData\Local\Programs\MiKTeX 2.9\tex/generic/oberdiek\gettitl
estring.sty"
Package: gettitlestring 2016/05/16 v1.5 Cleanup title references (HO)
)
\c@section@level=\count275
)
LaTeX Info: Redefining \ref on input line 15.
LaTeX Info: Redefining \pageref on input line 15.
LaTeX Info: Redefining \nameref on input line 15.
 (notes.out) (notes.out
! I can't write on file `notes.pdf'.
Please type another file name for output: 
! Emergency stop.
\Hy@OutlineName ...utline goto name{#2}count#3{#4}
                                                  
l.1 \BOOKMARK [1][-]{section.1}{Introduction}{}
                                               % 1
End of file on the terminal!

 
Here is how much of TeX's memory you used:
 16340 strings out of 492946
 285263 string characters out of 3126266
 346524 words of memory out of 3000000
 20186 multiletter control sequences out of 15000+200000
 532638 words of font info for 25 fonts, out of 3000000 for 9000
 1141 hyphenation exceptions out of 8191
 47i,1n,65p,417b,317s stack positions out of 5000i,500n,10000p,200000b,50000s
!  ==> Fatal error occurred, no output PDF file produced!

File: umsb.fd 2013/01/14 v3.01 AMS symbols B
) [1

{C:/Users/gerg1/AppData/Local/MiKTeX/2.9/pdftex/config/pdftex.map}]
<pd_example.png, id=62, 381.425pt x 376.40625pt>
File: pd_example.png Graphic file (type png)
<use pd_example.png>
Package pdftex.def Info: pd_example.png  used on input line 62.
(pdftex.def)             Requested size: 140.92793pt x 139.07285pt.
<rho_example.png, id=64, 251.94125pt x 248.93pt>
File: rho_example.png Graphic file (type png)
<use rho_example.png>
Package pdftex.def Info: rho_example.png  used on input line 63.
(pdftex.def)             Requested size: 140.92793pt x 139.24411pt.
<pi_example.png, id=65, 245.91875pt x 248.93pt>
File: pi_example.png Graphic file (type png)
<use pi_example.png>
Package pdftex.def Info: pi_example.png  used on input line 64.
(pdftex.def)             Requested size: 140.92793pt x 142.65883pt.
 [2]
[3 <./pd_example.png> <./rho_example.png> <./pi_example.png>] [4]
<ising_images/ising_T=150.png, id=89, 361.35pt x 361.35pt>
File: ising_images/ising_T=150.png Graphic file (type png)
<use ising_images/ising_T=150.png>
Package pdftex.def Info: ising_images/ising_T=150.png  used on input line 126.
(pdftex.def)             Requested size: 140.92793pt x 140.92593pt.
<ising_images/ising_T=inf.png, id=90, 361.35pt x 361.35pt>
File: ising_images/ising_T=inf.png Graphic file (type png)
<use ising_images/ising_T=inf.png>
Package pdftex.def Info: ising_images/ising_T=inf.png  used on input line 127.
(pdftex.def)             Requested size: 140.92793pt x 140.92593pt.
 [5 <./ising_images/ising_T=150.png> <./ising_images/ising_T=inf.png>]

Package hyperref Warning: Token not allowed in a PDF string (PDFDocEncoding):
(hyperref)                removing `math shift' on input line 133.


Package hyperref Warning: Token not allowed in a PDF string (PDFDocEncoding):
(hyperref)                removing `math shift' on input line 133.

<ising_images/kmeans_2d_ising.png, id=102, 376.40625pt x 252.945pt>
File: ising_images/kmeans_2d_ising.png Graphic file (type png)
<use ising_images/kmeans_2d_ising.png>
Package pdftex.def Info: ising_images/kmeans_2d_ising.png  used on input line 1
38.
(pdftex.def)             Requested size: 140.92793pt x 94.70361pt.
<ising_images/kmeans_avg_2d_ising.png, id=103, 376.40625pt x 252.945pt>
File: ising_images/kmeans_avg_2d_ising.png Graphic file (type png)
<use ising_images/kmeans_avg_2d_ising.png>
Package pdftex.def Info: ising_images/kmeans_avg_2d_ising.png  used on input li
ne 139.
(pdftex.def)             Requested size: 140.92793pt x 94.70361pt.
<ising_images/logreg_2d_ising.png, id=105, 311.1625pt x 252.945pt>
File: ising_images/logreg_2d_ising.png Graphic file (type png)
<use ising_images/logreg_2d_ising.png>
Package pdftex.def Info: ising_images/logreg_2d_ising.png  used on input line 1
50.
(pdftex.def)             Requested size: 112.74377pt x 91.65065pt.
<ising_images/logreg2_2d_ising.png, id=106, 311.1625pt x 252.945pt>
File: ising_images/logreg2_2d_ising.png Graphic file (type png)
<use ising_images/logreg2_2d_ising.png>
Package pdftex.def Info: ising_images/logreg2_2d_ising.png  used on input line 
151.
(pdftex.def)             Requested size: 112.74377pt x 91.65065pt.
<ising_images/logreg_acc_2d_ising.png, id=107, 382.42876pt x 252.945pt>
File: ising_images/logreg_acc_2d_ising.png Graphic file (type png)
<use ising_images/logreg_acc_2d_ising.png>
Package pdftex.def Info: ising_images/logreg_acc_2d_ising.png  used on input li
ne 152.
(pdftex.def)             Requested size: 112.74377pt x 74.57181pt.
<ising_images/logreg_avg_2d_ising.png, id=108, 376.40625pt x 252.945pt>
File: ising_images/logreg_avg_2d_ising.png Graphic file (type png)
<use ising_images/logreg_avg_2d_ising.png>
Package pdftex.def Info: ising_images/logreg_avg_2d_ising.png  used on input li
ne 153.
(pdftex.def)             Requested size: 112.74377pt x 75.76443pt.
<ising_images/pca_2d_ising.png, id=109, 379.4175pt x 362.35374pt>
File: ising_images/pca_2d_ising.png Graphic file (type png)
<use ising_images/pca_2d_ising.png>
Package pdftex.def Info: ising_images/pca_2d_ising.png  used on input line 165.

(pdftex.def)             Requested size: 112.74377pt x 107.67302pt.
<ising_images/pca_phase_2d_ising.png, id=110, 394.47375pt x 362.35374pt>
File: ising_images/pca_phase_2d_ising.png Graphic file (type png)
<use ising_images/pca_phase_2d_ising.png>
Package pdftex.def Info: ising_images/pca_phase_2d_ising.png  used on input lin
e 166.
(pdftex.def)             Requested size: 112.74377pt x 103.5594pt.
<ising_images/pca_phase2_2d_ising.png, id=111, 394.47375pt x 362.35374pt>
File: ising_images/pca_phase2_2d_isig>
Package pdftex.def Info: ising_images/pca_phase_2d_ising.png  used on input lin
e 166.
(pdftex.def)             Requested size: 112.74377pt x 103.5594pt.
<ising_images/pca_phase2_2d_ising.png, id=106, 394.47375pt x 362.35374pt>
File: ising_images/pca_phase2_2d_ising.png Graphic file (type png)
<use ising_images/pca_phase2_2d_ising.png>
Package pdftex.def Info: ising_images/pca_phase2_2d_ising.png  used on input li
ne 167.
(pdftex.def)             Requested size: 112.74377pt x 103.5594pt.

LaTeX Warning: `h' float specifier changed to `ht'.

[6 <./ising_images/kmeans_2d_ising.png> <./ising_images/kmeans_avg_2d_ising.png
> <./ising_images/logreg_2d_ising.png> <./ising_images/logreg2_2d_ising.png> <.
/ising_images/logreg_acc_2d_ising.png> <./ising_images/logreg_avg_2d_ising.png>
]
! Undefined control sequence.
l.177     H = \sum_v\Big(\sum_{i\el
                                    v}s_i\Big)^2
? 
! Emergency stop.
l.177     H = \sum_v\Big(\sum_{i\el
                                    v}s_i\Big)^2
End of file on the terminal!

 
Here is how much of TeX's memory you used:
 16529 strings out of 492946
 289162 string characters out of 3126266
 354420 words of memory out of 3000000
 20301 multiletter control sequences out of 15000+200000
 538850 words of font info for 48 fonts, out of 3000000 for 9000
 1141 hyphenation exceptions out of 8191
 47i,16n,65p,913b,384s stack positions out of 5000i,500n,10000p,200000b,50000s
!  ==> Fatal error occurred, no output PDF file produced!
 shift' on input line 208.


Package hyperref Warning: Token not allowed in a PDF string (PDFDocEncoding):
(hyperref)                removing `math shift' on input line 208.

<squareice_images/kmeans_2d_squareice.png, id=142, 376.40625pt x 252.945pt>
File: squareice_images/kmeans_2d_squareice.png Graphic file (type png)
<use squareice_images/kmeans_2d_squareice.png>
Package pdftex.def Info: squareice_images/kmeans_2d_squareice.png  used on inpu
t line 212.
(pdftex.def)             Requested size: 140.92793pt x 94.70361pt.
<squareice_images/kmeans_avg_2d_squareice.png, id=143, 376.40625pt x 252.945pt>

File: squareice_images/kmeans_avg_2d_squareice.png Graphic file (type png)
<use squareice_images/kmeans_avg_2d_squareice.png>
Package pdftex.def Info: squareice_images/kmeans_avg_2d_squareice.png  used on 
input line 213.
(pdftex.def)             Requested size: 140.92793pt x 94.70361pt.
<squareice_images/logreg_2d_squareice.png, id=144, 311.1625pt x 252.945pt>
File: squareice_images/logreg_2d_squareice.png Graphic file (type png)
<use squareice_images/logreg_2d_squareice.png>
Package pdftex.def Info: squareice_images/logreg_2d_squareice.png  used on inpu
t line 223.
(pdftex.def)             Requested size: 140.92793pt x 114.56139pt.
<squareice_images/logreg_acc_2d_squareice.png, id=145, 382.42876pt x 252.945pt>

File: squareice_images/logreg_acc_2d_squareice.png Graphic file (type png)
<use squareice_images/logreg_acc_2d_squareice.png>
Package pdftex.def Info: squareice_images/logreg_acc_2d_squareice.png  used on 
input line 224.
(pdftex.def)             Requested size: 140.92793pt x 93.20993pt.
<squareice_images/logreg_avg_2d_squareice.png, id=146, 376.40625pt x 252.945pt>

File: squareice_images/logreg_avg_2d_squareice.png Graphic file (type png)
<use squareice_images/logreg_avg_2d_squareice.png>
Package pdftex.def Info: squareice_images/logreg_avg_2d_squareice.png  used on 
input line 225.
(pdftex.def)             Requested size: 140.92793pt x 94.70361pt.
<squareice_images/pca_2d_squareice.png, id=147, 379.4175pt x 362.35374pt>
File: squareice_images/pca_2d_squareice.png Graphic file (type png)
<use squareice_images/pca_2d_squareice.png>
Package pdftex.def Info: squareice_images/pca_2d_squareice.png  used on input l
ine 235.
(pdftex.def)             Requested size: 117.43875pt x 112.15709pt.
<squareice_images/pca_phase_2d_squareice.png, id=148, 394.47375pt x 362.35374pt
>
File: squareice_images/pca_phase_2d_squareice.png Graphic file (type png)
<use squareice_images/pca_phase_2d_squareice.png>
Package pdftex.def Info: squareice_images/pca_phase_2d_squareice.png  used on i
nput line 236.
(pdftex.def)             Requested size: 122.13371pt x 112.18474pt.
[8 <./squareice_images/kmeans_2d_squareice.png> <./squareice_images/kmeans_avg_
2d_squareice.png> <./squareice_images/logreg_2d_squareice.png> <./squareice_ima
ges/logreg_acc_2d_squareice.png> <./squareice_images/logreg_avg_2d_squareice.pn
g> <./squareice_images/pca_2d_squareice.png> <./squareice_images/pca_phase_2d_s
quareice.png>]

Package hyperref Warning: Token not allowed in a PDF string (PDFDocEncoding):
(hyperref)                removing `math shift' on input line 244.


Package hyperref Warning: Token not allowed in a PDF string (PDFDocEncoding):
(hyperref)                removing `subscript' on input line 244.


Package hyperref Warning: Token not allowed in a PDF string (PDFDocEncoding):
(hyperref)                removing `math shift' on input line 244.

<gauged_images/gauged_T=0.png, id=164, 361.35pt x 361.35pt>
File: gauged_images/gauged_T=0.png Graphic file (type png)
<use gauged_images/gauged_T=0.png>
Package pdftex.def Info: gauged_images/gauged_T=0.png  used on input line 287.
(pdftex.def)             Requested size: 140.92793pt x 140.92593pt.
<gauged_images/gauged_T=inf.png, id=165, 361.35pt x 361.35pt>
File: gauged_images/gauged_T=inf.png Graphic file (type png)
<use gauged_images/gauged_T=inf.png>
Package pdftex.def Info: gauged_images/gauged_T=inf.png  used on input line 288
.
(pdftex.def)             Requested size: 140.92793pt x 140.92593pt.

LaTeX Warning: `h' float specifier changed to `ht'.

Package atveryend Info: Empty hook `BeforeClearDocument' on input line 297.
[9] [10 <./gauged_images/gauged_T=0.png> <./gauged_images/gauged_T=inf.png>]
Package atveryend Info: Empty hook `AfterLastShipout' on input line 297.

(notes.aux)
Package atveryend Info: Executing hook `AtVeryEndDocument' on input line 297.
Package atveryend Info: Executing hook `AtEndAfterFileList' on input line 297.
Package rerunfilecheck Info: File `notes.out' has not changed.
(rerunfilecheck)             Checksum: 4A9B81AA20B9957EC1CE20F4972D1E5A;763.
Package atveryend Info: Empty hook `AtVeryVeryEnd' on input line 297.
 ) 
Here is how much of TeX's memory you used:
 16614 strings out of 492946
 291780 string characters out of 3126266
 355902 words of memory out of 3000000
 20356 multiletter control sequences out of 15000+200000
 540097 words of font info for 53 fonts, out of 3000000 for 9000
 1141 hyphenation exceptions out of 8191
 47i,16n,65p,913b,384s stack positions out of 5000i,500n,10000p,200000b,50000s
<C:/Users/gerg1/AppData/Local/Programs/MiKTeX 2.9/fonts/type1/public/amsfonts
/cm/cmbx10.pfb><C:/Users/gerg1/AppData/Local/Programs/MiKTeX 2.9/fonts/type1/pu
blic/amsfonts/cm/cmbx12.pfb><C:/Users/gerg1/AppData/Local/Programs/MiKTeX 2.9/f
onts/type1/public/amsfonts/cm/cmex10.pfb><C:/Users/gerg1/AppData/Local/Programs
/MiKTeX 2.9/fonts/type1/public/amsfonts/cm/cmmi10.pfb><C:/Users/gerg1/AppData/L
ocal/Programs/MiKTeX 2.9/fonts/type1/public/amsfonts/cm/cmmi8.pfb><C:/Users/ger
g1/AppData/Local/Programs/MiKTeX 2.9/fonts/type1/public/amsfonts/cm/cmr10.pfb><
C:/Users/gerg1/AppData/Local/Programs/MiKTeX 2.9/fonts/type1/public/amsfonts/cm
/cmr8.pfb><C:/Users/gerg1/AppData/Local/Programs/MiKTeX 2.9/fonts/type1/public/
amsfonts/cm/cmsy10.pfb><C:/Users/gerg1/AppData/Local/Programs/MiKTeX 2.9/fonts/
type1/public/amsfonts/cm/cmsy8.pfb><C:/Users/gerg1/AppData/Local/Programs/MiKTe
X 2.9/fonts/type1/public/amsfonts/cm/cmti10.pfb><C:/Users/gerg1/AppData/Local/P
rograms/MiKTeX 2.9/fonts/type1/public/amsfonts/symbols/msbm10.pfb>
Output written on notes.pdf (10 pages, 750539 bytes).
PDF statistics:
 230 PDF objects out of 1000 (max. 8388607)
 45 named destinations out of 1000 (max. 500000)
 222 words of extra memory for PDF output out of 10000 (max. 10000000)

