000 (3038890.000.000) 03/04 18:31:36 Job submitted from host: <128.105.244.191:9618?addrs=128.105.244.191-9618&noUDP&sock=3899130_7158_3>
...
001 (3038890.000.000) 03/04 18:34:53 Job executing on host: <128.104.58.168:9618?addrs=128.104.58.168-9618+[2607-f388-1086-0-16fe-b5ff-fec6-789a]-9618&noUDP&sock=44162_0988_3>
...
006 (3038890.000.000) 03/04 18:35:01 Image size of job updated: 592
	1  -  MemoryUsage of job (MB)
	592  -  ResidentSetSize of job (KB)
...
006 (3038890.000.000) 03/04 18:40:01 Image size of job updated: 20228
	15  -  MemoryUsage of job (MB)
	15276  -  ResidentSetSize of job (KB)
...
006 (3038890.000.000) 03/04 18:45:02 Image size of job updated: 20236
	15  -  MemoryUsage of job (MB)
	15284  -  ResidentSetSize of job (KB)
...
006 (3038890.000.000) 03/04 19:23:25 Image size of job updated: 20244
	15  -  MemoryUsage of job (MB)
	15292  -  ResidentSetSize of job (KB)
...
006 (3038890.000.000) 03/04 20:08:30 Image size of job updated: 20256
	15  -  MemoryUsage of job (MB)
	15304  -  ResidentSetSize of job (KB)
...
006 (3038890.000.000) 03/04 20:23:32 Image size of job updated: 20396
	16  -  MemoryUsage of job (MB)
	15416  -  ResidentSetSize of job (KB)
...
006 (3038890.000.000) 03/05 02:54:15 Image size of job updated: 20408
	16  -  MemoryUsage of job (MB)
	15424  -  ResidentSetSize of job (KB)
...
005 (3038890.000.000) 03/05 04:58:52 Job terminated.
	(1) Normal termination (return value 0)
		Usr 0 10:13:07, Sys 0 00:02:30  -  Run Remote Usage
		Usr 0 00:00:00, Sys 0 00:00:00  -  Run Local Usage
		Usr 0 10:13:07, Sys 0 00:02:30  -  Total Remote Usage
		Usr 0 00:00:00, Sys 0 00:00:00  -  Total Local Usage
	1360214  -  Run Bytes Sent By Job
	78810576  -  Run Bytes Received By Job
	1360214  -  Total Bytes Sent By Job
	78810576  -  Total Bytes Received By Job
	Partitionable Resources :     Usage  Request Allocated 
	   Cpus                 :      0.61        1         1 
	   Disk (KB)            : 389024     1048576   1321044 
	   Ioheavy              :                            0 
	   Memory (MB)          :     16        1024      1024 
...
