000 (3038884.000.000) 03/04 18:31:10 Job submitted from host: <128.105.244.191:9618?addrs=128.105.244.191-9618&noUDP&sock=3899130_7158_3>
...
001 (3038884.000.000) 03/04 18:34:51 Job executing on host: <128.104.58.110:9618?addrs=128.104.58.110-9618+[2607-f388-1086-0-ea9a-8fff-fe91-bc9e]-9618&noUDP&sock=7560_1c12_3>
...
006 (3038884.000.000) 03/04 18:34:59 Image size of job updated: 23352
	15  -  MemoryUsage of job (MB)
	15212  -  ResidentSetSize of job (KB)
...
006 (3038884.000.000) 03/04 18:39:59 Image size of job updated: 23440
	15  -  MemoryUsage of job (MB)
	15288  -  ResidentSetSize of job (KB)
...
006 (3038884.000.000) 03/04 18:45:00 Image size of job updated: 23484
	15  -  MemoryUsage of job (MB)
	15288  -  ResidentSetSize of job (KB)
...
006 (3038884.000.000) 03/04 19:07:09 Image size of job updated: 23560
	15  -  MemoryUsage of job (MB)
	15300  -  ResidentSetSize of job (KB)
...
006 (3038884.000.000) 03/04 19:53:41 Image size of job updated: 23572
	15  -  MemoryUsage of job (MB)
	15300  -  ResidentSetSize of job (KB)
...
006 (3038884.000.000) 03/04 20:23:43 Image size of job updated: 23596
	15  -  MemoryUsage of job (MB)
	15332  -  ResidentSetSize of job (KB)
...
006 (3038884.000.000) 03/04 21:03:48 Image size of job updated: 23604
	15  -  MemoryUsage of job (MB)
	15332  -  ResidentSetSize of job (KB)
...
005 (3038884.000.000) 03/05 03:21:08 Job terminated.
	(1) Normal termination (return value 0)
		Usr 0 08:24:09, Sys 0 00:01:26  -  Run Remote Usage
		Usr 0 00:00:00, Sys 0 00:00:00  -  Run Local Usage
		Usr 0 08:24:09, Sys 0 00:01:26  -  Total Remote Usage
		Usr 0 00:00:00, Sys 0 00:00:00  -  Total Local Usage
	1351906  -  Run Bytes Sent By Job
	78810576  -  Run Bytes Received By Job
	1351906  -  Total Bytes Sent By Job
	78810576  -  Total Bytes Received By Job
	Partitionable Resources :     Usage  Request Allocated 
	   Cpus                 :      0.85        1         1 
	   Disk (KB)            : 389069     1048576  22169394 
	   Ioheavy              :                            0 
	   Memory (MB)          :     15        1024      1024 
...
