000 (3038885.000.000) 03/04 18:31:20 Job submitted from host: <128.105.244.191:9618?addrs=128.105.244.191-9618&noUDP&sock=3899130_7158_3>
...
001 (3038885.000.000) 03/04 18:35:03 Job executing on host: <128.104.58.193:9618?addrs=128.104.58.193-9618+[2607-f388-1086-0-16fe-b5ff-fec6-7060]-9618&noUDP&sock=51819_1a34_3>
...
006 (3038885.000.000) 03/04 18:35:12 Image size of job updated: 596
	1  -  MemoryUsage of job (MB)
	596  -  ResidentSetSize of job (KB)
...
006 (3038885.000.000) 03/04 18:40:13 Image size of job updated: 20228
	15  -  MemoryUsage of job (MB)
	15276  -  ResidentSetSize of job (KB)
...
006 (3038885.000.000) 03/04 19:06:32 Image size of job updated: 20248
	15  -  MemoryUsage of job (MB)
	15296  -  ResidentSetSize of job (KB)
...
006 (3038885.000.000) 03/04 20:32:19 Image size of job updated: 20252
	15  -  MemoryUsage of job (MB)
	15300  -  ResidentSetSize of job (KB)
...
006 (3038885.000.000) 03/04 21:32:25 Image size of job updated: 20260
	15  -  MemoryUsage of job (MB)
	15308  -  ResidentSetSize of job (KB)
...
006 (3038885.000.000) 03/04 22:12:28 Image size of job updated: 20264
	15  -  MemoryUsage of job (MB)
	15312  -  ResidentSetSize of job (KB)
...
006 (3038885.000.000) 03/05 01:02:44 Image size of job updated: 20272
	15  -  MemoryUsage of job (MB)
	15320  -  ResidentSetSize of job (KB)
...
005 (3038885.000.000) 03/05 04:28:28 Job terminated.
	(1) Normal termination (return value 0)
		Usr 0 09:47:44, Sys 0 00:02:09  -  Run Remote Usage
		Usr 0 00:00:00, Sys 0 00:00:00  -  Run Local Usage
		Usr 0 09:47:44, Sys 0 00:02:09  -  Total Remote Usage
		Usr 0 00:00:00, Sys 0 00:00:00  -  Total Local Usage
	1356112  -  Run Bytes Sent By Job
	78810576  -  Run Bytes Received By Job
	1356112  -  Total Bytes Sent By Job
	78810576  -  Total Bytes Received By Job
	Partitionable Resources :     Usage  Request Allocated 
	   Cpus                 :      0.54        1         1 
	   Disk (KB)            : 388993     1048576   1364432 
	   Ioheavy              :                            0 
	   Memory (MB)          :     15        1024      1024 
...
